#
# A fatal error has been detected by the Java Runtime Environment:
#
#  SIGSEGV (0xb) at pc=0x0000000103af6f66, pid=51108, tid=4517806080
#
# JRE version: 7.0_04-b21
# Java VM: Java HotSpot(TM) 64-Bit Server VM (23.0-b21 mixed mode bsd-amd64 compressed oops)
# Problematic frame:
# V  [libjvm.dylib+0x2f6f66]
#
# Failed to write core dump. Core dumps have been disabled. To enable core dumping, try "ulimit -c unlimited" before starting Java again
#
# If you would like to submit a bug report, please visit:
#   http://bugreport.sun.com/bugreport/crash.jsp
#

---------------  T H R E A D  ---------------

Current thread (0x00007ffb95002000):  JavaThread "JDWP Transport Listener: dt_socket" daemon [_thread_in_vm, id=222838784, stack(0x000000010d384000,0x000000010d484000)]

siginfo:si_signo=SIGSEGV: si_errno=0, si_code=1 (SEGV_MAPERR), si_addr=0x00000000b9976930

Registers:
RAX=0x00007ffb92423df0, RBX=0x0000000000000008, RCX=0x0000000000000000, RDX=0x00007ffb92423df0
RSP=0x000000010d4839e0, RBP=0x000000010d483a50, RSI=0x0000000000000000, RDI=0x0000000000000000
R8 =0x000000010d483970, R9 =0x000000010d483968, R10=0x00000001037750f0, R11=0x00000000feffffff
R12=0x0000000000000006, R13=0xfffffffff6c4004e, R14=0x00000001037766c0, R15=0x00007ffb92400fa0
RIP=0x0000000103af6f66, EFLAGS=0x0000000000010202, ERR=0x0000000000000006
  TRAPNO=0x000000000000000e

Top of Stack: (sp=0x000000010d4839e0)
0x000000010d4839e0:   0000000000000008 000000010d483ae4
0x000000010d4839f0:   000000010d483ad8 00007ffb95002000
0x000000010d483a00:   00007ffb92400b30 00007ffb92400f90
0x000000010d483a10:   00007ffb92400fa0 00007ffb92401378
0x000000010d483a20:   000000010d483e08 000000010d483ad8
0x000000010d483a30:   00007ffb92601cc0 00007ffb95002000
0x000000010d483a40:   000000010d483ae4 00000007e9181740
0x000000010d483a50:   000000010d483ac0 0000000103acc1c0
0x000000010d483a60:   00007ffb95002000 00007ffb95002000
0x000000010d483a70:   0000000000000000 0000000100000000
0x000000010d483a80:   0000000000000000 00007ffb95002000
0x000000010d483a90:   00007ffb95002000 0000000000000001
0x000000010d483aa0:   00000001037439d0 00007ffb96803d80
0x000000010d483ab0:   000000010d483b68 000000010d483cf0
0x000000010d483ac0:   000000010d483b30 00000001043a80fd
0x000000010d483ad0:   000000010d483b00 0000000000000000
0x000000010d483ae0:   0000000000000032 000000010d483b68
0x000000010d483af0:   000000010d483b68 00000001043d6568
0x000000010d483b00:   000000010d483b20 000000010d483cf0
0x000000010d483b10:   00000001043cada6 00007ffb96803d80
0x000000010d483b20:   000000010d483b68 00000001043d6568
0x000000010d483b30:   000000010d483b40 00000001043a8254
0x000000010d483b40:   000000010d483d60 00000001043b175e
0x000000010d483b50:   0000111400000013 00007ffb940f0200
0x000000010d483b60:   00007ffb96801170 000000010d483bb8
0x000000010d483b70:   00007ffb0000012c 000000010d483b80
0x000000010d483b80:   00007ffb00000000 000000010d483bb8
0x000000010d483b90:   0000000000000000 00007f0000000000
0x000000010d483ba0:   000011140000001c 00007fff0000d680
0x000000010d483bb0:   000000010d483bb8 0000000101000000
0x000000010d483bc0:   0000001400000000 7f00001500000007
0x000000010d483bd0:   000000a8aa5c92fb 0000004f00000000 

Instructions: (pc=0x0000000103af6f66)
0x0000000103af6f46:   43 00 80 38 00 0f 94 c0 0f b6 c0 48 c1 e0 03 48
0x0000000103af6f56:   03 81 d8 00 00 00 4e 63 6c a0 10 e8 94 e9 1b 00
0x0000000103af6f66:   4b 89 04 ee 49 ff c4 4c 39 e3 0f 84 79 ff ff ff
0x0000000103af6f76:   4d 85 ff 75 ae 48 8b 3c 25 d0 00 00 00 44 89 e6 

Register to memory mapping:

RAX=0x00007ffb92423df0 is a weak global jni handle
RBX=0x0000000000000008 is an unknown value
RCX=0x0000000000000000 is an unknown value
RDX=0x00007ffb92423df0 is a weak global jni handle
RSP=0x000000010d4839e0 is pointing into the stack for thread: 0x00007ffb95002000
RBP=0x000000010d483a50 is pointing into the stack for thread: 0x00007ffb95002000
RSI=0x0000000000000000 is an unknown value
RDI=0x0000000000000000 is an unknown value
R8 =0x000000010d483970 is pointing into the stack for thread: 0x00007ffb95002000
R9 =0x000000010d483968 is pointing into the stack for thread: 0x00007ffb95002000
R10=0x00000001037750f0 is an unknown value
R11=0x00000000feffffff is an unknown value
R12=0x0000000000000006 is an unknown value
R13=0xfffffffff6c4004e is an unknown value
R14=0x00000001037766c0 is an unknown value
R15=0x00007ffb92400fa0 is an unknown value


Stack: [0x000000010d384000,0x000000010d484000],  sp=0x000000010d4839e0,  free space=1022k
Native frames: (J=compiled Java code, j=interpreted, Vv=VM code, C=native code)
V  [libjvm.dylib+0x2f6f66]
V  [libjvm.dylib+0x2cc1c0]
C  [libjdwp.dylib+0x50fd]  methods1+0xad
C  [libjdwp.dylib+0x5254]  methodsWithGeneric+0xe
C  [libjdwp.dylib+0xe75e]  debugLoop_run+0x1ce
C  [libjdwp.dylib+0x1f1ba]  attachThread+0x4d
V  [libjvm.dylib+0x309a12]
V  [libjvm.dylib+0x4763cc]
V  [libjvm.dylib+0x4778b2]
V  [libjvm.dylib+0x3b393d]
C  [libsystem_c.dylib+0x4e8bf]  _pthread_start+0x14f
C  [libsystem_c.dylib+0x51b75]  thread_start+0xd


---------------  P R O C E S S  ---------------

Java Threads: ( => current thread )
  0x00007ffb928fe000 JavaThread "ReaderThread" [_thread_in_native, id=231305216, stack(0x000000010db97000,0x000000010dc97000)]
  0x00007ffb92855800 JavaThread "Service Thread" daemon [_thread_blocked, id=228143104, stack(0x000000010d893000,0x000000010d993000)]
  0x00007ffb92853800 JavaThread "C2 CompilerThread1" daemon [_thread_blocked, id=227082240, stack(0x000000010d790000,0x000000010d890000)]
  0x00007ffb92853000 JavaThread "C2 CompilerThread0" daemon [_thread_blocked, id=226021376, stack(0x000000010d68d000,0x000000010d78d000)]
  0x00007ffb96000000 JavaThread "JDWP Command Reader" daemon [_thread_in_native, id=224960512, stack(0x000000010d58a000,0x000000010d68a000)]
  0x00007ffb95001000 JavaThread "JDWP Event Helper Thread" daemon [_thread_blocked, id=223899648, stack(0x000000010d487000,0x000000010d587000)]
=>0x00007ffb95002000 JavaThread "JDWP Transport Listener: dt_socket" daemon [_thread_in_vm, id=222838784, stack(0x000000010d384000,0x000000010d484000)]
  0x00007ffb9284a000 JavaThread "Signal Dispatcher" daemon [_thread_blocked, id=221777920, stack(0x000000010d281000,0x000000010d381000)]
  0x00007ffb93807000 JavaThread "Finalizer" daemon [_thread_blocked, id=218599424, stack(0x000000010cf79000,0x000000010d079000)]
  0x00007ffb93057800 JavaThread "Reference Handler" daemon [_thread_blocked, id=217538560, stack(0x000000010ce76000,0x000000010cf76000)]
  0x00007ffb93000800 JavaThread "main" [_thread_blocked, id=70914048, stack(0x00000001042a1000,0x00000001043a1000)]

Other Threads:
  0x00007ffb93055000 VMThread [stack: 0x000000010cd73000,0x000000010ce73000] [id=216477696]
  0x00007ffb92866000 WatcherThread [stack: 0x000000010d996000,0x000000010da96000] [id=229203968]

VM state:not at safepoint (normal execution)

VM Mutex/Monitor currently owned by a thread: None

Heap
 PSYoungGen      total 20544K, used 3724K [0x00000007e9160000, 0x00000007eb980000, 0x0000000800000000)
  eden space 17664K, 4% used [0x00000007e9160000,0x00000007e923b298,0x00000007ea2a0000)
  from space 2880K, 98% used [0x00000007ea2a0000,0x00000007ea568090,0x00000007ea570000)
  to   space 2880K, 0% used [0x00000007eb6b0000,0x00000007eb6b0000,0x00000007eb980000)
 ParOldGen       total 46976K, used 416K [0x00000007bb400000, 0x00000007be1e0000, 0x00000007e9160000)
  object space 46976K, 0% used [0x00000007bb400000,0x00000007bb468118,0x00000007be1e0000)
 PSPermGen       total 21248K, used 7929K [0x00000007b6200000, 0x00000007b76c0000, 0x00000007bb400000)
  object space 21248K, 37% used [0x00000007b6200000,0x00000007b69be400,0x00000007b76c0000)

Code Cache  [0x00000001043e0000, 0x0000000104650000, 0x00000001073e0000)
 total_blobs=285 nmethods=44 adapters=201 free_code_cache=48591Kb largest_free_block=49717120

Compilation events (10 events):
Event: 0.595 Thread 0x00007ffb92853800   38             org.antlr.runtime.DFA::unpackEncodedString (95 bytes)
Event: 0.603 Thread 0x00007ffb92853800 nmethod 38 0x000000010445bcd0 code [0x000000010445be40, 0x000000010445c578]
Event: 0.685 Thread 0x00007ffb92853000   39  s!         sun.misc.URLClassPath::getLoader (154 bytes)
Event: 0.709 Thread 0x00007ffb92853000 nmethod 39 0x0000000104461550 code [0x0000000104461780, 0x0000000104462880]
Event: 0.711 Thread 0x00007ffb92853800   40             sun.misc.URLClassPath::getResource (74 bytes)
Event: 0.712 Thread 0x00007ffb92853000   41   !         java.net.URL::<init> (543 bytes)
Event: 0.783 Thread 0x00007ffb92853000 nmethod 41 0x000000010446ac10 code [0x000000010446afe0, 0x000000010446d460]
Event: 0.785 Thread 0x00007ffb92853800 nmethod 40 0x000000010446f6d0 code [0x000000010446fc00, 0x0000000104472270]
Event: 31.724 Thread 0x00007ffb92853000   42             java.util.Arrays::copyOfRange (63 bytes)
Event: 31.725 Thread 0x00007ffb92853000 nmethod 42 0x0000000104459f10 code [0x000000010445a060, 0x000000010445a258]

GC Heap History (2 events):
Event: 0.696 GC heap before
{Heap before GC invocations=1 (full 0):
 PSYoungGen      total 20544K, used 17664K [0x00000007e9160000, 0x00000007ea840000, 0x0000000800000000)
  eden space 17664K, 100% used [0x00000007e9160000,0x00000007ea2a0000,0x00000007ea2a0000)
  from space 2880K, 0% used [0x00000007ea570000,0x00000007ea570000,0x00000007ea840000)
  to   space 2880K, 0% used [0x00000007ea2a0000,0x00000007ea2a0000,0x00000007ea570000)
 ParOldGen       total 46976K, used 0K [0x00000007bb400000, 0x00000007be1e0000, 0x00000007e9160000)
  object space 46976K, 0% used [0x00000007bb400000,0x00000007bb400000,0x00000007be1e0000)
 PSPermGen       total 21248K, used 7868K [0x00000007b6200000, 0x00000007b76c0000, 0x00000007bb400000)
  object space 21248K, 37% used [0x00000007b6200000,0x00000007b69af1a0,0x00000007b76c0000)
Event: 0.708 GC heap after
Heap after GC invocations=1 (full 0):
 PSYoungGen      total 20544K, used 2848K [0x00000007e9160000, 0x00000007eb980000, 0x0000000800000000)
  eden space 17664K, 0% used [0x00000007e9160000,0x00000007e9160000,0x00000007ea2a0000)
  from space 2880K, 98% used [0x00000007ea2a0000,0x00000007ea568090,0x00000007ea570000)
  to   space 2880K, 0% used [0x00000007eb6b0000,0x00000007eb6b0000,0x00000007eb980000)
 ParOldGen       total 46976K, used 416K [0x00000007bb400000, 0x00000007be1e0000, 0x00000007e9160000)
  object space 46976K, 0% used [0x00000007bb400000,0x00000007bb468118,0x00000007be1e0000)
 PSPermGen       total 21248K, used 7868K [0x00000007b6200000, 0x00000007b76c0000, 0x00000007bb400000)
  object space 21248K, 37% used [0x00000007b6200000,0x00000007b69af1a0,0x00000007b76c0000)
}

Deoptimization events (1 events):
Event: 0.344 Thread 0x00007ffb93000800 Uncommon trap -12 fr.pc 0x0000000104446c48

Internal exceptions (10 events):
Event: 0.710 Thread 0x00007ffb93000800 Threw 0x00000007e9162cd0 at /HUDSON/workspace/jdk7u4-2-build-macosx-x86_64-product/jdk7u4/hotspot/src/share/vm/prims/jvm.cpp:1166
Event: 0.711 Thread 0x00007ffb93000800 Threw 0x00000007e91668c0 at /HUDSON/workspace/jdk7u4-2-build-macosx-x86_64-product/jdk7u4/hotspot/src/share/vm/prims/jvm.cpp:1166
Event: 0.711 Thread 0x00007ffb93000800 Threw 0x00000007e916b0c8 at /HUDSON/workspace/jdk7u4-2-build-macosx-x86_64-product/jdk7u4/hotspot/src/share/vm/prims/jvm.cpp:1166
Event: 0.712 Thread 0x00007ffb93000800 Threw 0x00000007e916e920 at /HUDSON/workspace/jdk7u4-2-build-macosx-x86_64-product/jdk7u4/hotspot/src/share/vm/prims/jvm.cpp:1166
Event: 0.712 Thread 0x00007ffb93000800 Threw 0x00000007e91720c8 at /HUDSON/workspace/jdk7u4-2-build-macosx-x86_64-product/jdk7u4/hotspot/src/share/vm/prims/jvm.cpp:1166
Event: 0.713 Thread 0x00007ffb93000800 Threw 0x00000007e9175ad0 at /HUDSON/workspace/jdk7u4-2-build-macosx-x86_64-product/jdk7u4/hotspot/src/share/vm/prims/jvm.cpp:1166
Event: 0.714 Thread 0x00007ffb93000800 Threw 0x00000007e9179a00 at /HUDSON/workspace/jdk7u4-2-build-macosx-x86_64-product/jdk7u4/hotspot/src/share/vm/prims/jvm.cpp:1166
Event: 0.716 Thread 0x00007ffb93000800 Threw 0x00000007e917f168 at /HUDSON/workspace/jdk7u4-2-build-macosx-x86_64-product/jdk7u4/hotspot/src/share/vm/prims/jvm.cpp:1166
Event: 0.735 Thread 0x00007ffb93000800 Threw 0x00000007e9185fa0 at /HUDSON/workspace/jdk7u4-2-build-macosx-x86_64-product/jdk7u4/hotspot/src/share/vm/prims/jvm.cpp:1166
Event: 0.736 Thread 0x00007ffb93000800 Threw 0x00000007e918dae0 at /HUDSON/workspace/jdk7u4-2-build-macosx-x86_64-product/jdk7u4/hotspot/src/share/vm/prims/jvm.cpp:1166

Events (10 events):
Event: 221.570 Executing VM operation: GetCurrentLocation
Event: 221.570 Executing VM operation: GetCurrentLocation done
Event: 221.570 Executing VM operation: EnterInterpOnlyMode
Event: 221.570 Executing VM operation: EnterInterpOnlyMode done
Event: 221.570 Executing VM operation: ChangeSingleStep
Event: 221.570 Executing VM operation: ChangeSingleStep done
Event: 221.571 Executing VM operation: ChangeSingleStep
Event: 221.571 Executing VM operation: ChangeSingleStep done
Event: 221.574 Executing VM operation: RedefineClasses
Event: 221.574 Executing VM operation: RedefineClasses done


Dynamic libraries:
0x0000000004ed9000 	/System/Library/Frameworks/Cocoa.framework/Versions/A/Cocoa
0x0000000004ed9000 	/System/Library/Frameworks/Security.framework/Versions/A/Security
0x0000000004ed9000 	/System/Library/Frameworks/ApplicationServices.framework/Versions/A/ApplicationServices
0x0000000004ed9000 	/usr/lib/libz.1.dylib
0x0000000004ed9000 	/usr/lib/libSystem.B.dylib
0x0000000004ed9000 	/usr/lib/libobjc.A.dylib
0x0000000004ed9000 	/System/Library/Frameworks/CoreFoundation.framework/Versions/A/CoreFoundation
0x0000000004ed9000 	/System/Library/Frameworks/AppKit.framework/Versions/C/AppKit
0x0000000004ed9000 	/System/Library/Frameworks/CoreData.framework/Versions/A/CoreData
0x0000000004ed9000 	/System/Library/Frameworks/Foundation.framework/Versions/C/Foundation
0x0000000004ed9000 	/System/Library/PrivateFrameworks/RemoteViewServices.framework/Versions/A/RemoteViewServices
0x0000000004ed9000 	/System/Library/Frameworks/AudioToolbox.framework/Versions/A/AudioToolbox
0x0000000004ed9000 	/System/Library/Frameworks/AudioUnit.framework/Versions/A/AudioUnit
0x0000000004ed9000 	/System/Library/PrivateFrameworks/DataDetectorsCore.framework/Versions/A/DataDetectorsCore
0x0000000004ed9000 	/System/Library/PrivateFrameworks/DesktopServicesPriv.framework/Versions/A/DesktopServicesPriv
0x0000000004ed9000 	/System/Library/Frameworks/Carbon.framework/Versions/A/Frameworks/HIToolbox.framework/Versions/A/HIToolbox
0x0000000004ed9000 	/System/Library/Frameworks/QuartzCore.framework/Versions/A/QuartzCore
0x0000000004ed9000 	/System/Library/Frameworks/Carbon.framework/Versions/A/Frameworks/SpeechRecognition.framework/Versions/A/SpeechRecognition
0x0000000004ed9000 	/usr/lib/libauto.dylib
0x0000000004ed9000 	/usr/lib/libicucore.A.dylib
0x0000000004ed9000 	/usr/lib/libxml2.2.dylib
0x0000000004ed9000 	/System/Library/PrivateFrameworks/CoreUI.framework/Versions/A/CoreUI
0x0000000004ed9000 	/System/Library/Frameworks/CoreAudio.framework/Versions/A/CoreAudio
0x0000000004ed9000 	/System/Library/Frameworks/DiskArbitration.framework/Versions/A/DiskArbitration
0x0000000004ed9000 	/usr/lib/liblangid.dylib
0x0000000004ed9000 	/System/Library/PrivateFrameworks/MultitouchSupport.framework/Versions/A/MultitouchSupport
0x0000000004ed9000 	/System/Library/Frameworks/IOKit.framework/Versions/A/IOKit
0x0000000004ed9000 	/usr/lib/libDiagnosticMessagesClient.dylib
0x0000000004ed9000 	/System/Library/Frameworks/CoreServices.framework/Versions/A/CoreServices
0x0000000004ed9000 	/System/Library/PrivateFrameworks/PerformanceAnalysis.framework/Versions/A/PerformanceAnalysis
0x0000000004ed9000 	/System/Library/PrivateFrameworks/GenerationalStorage.framework/Versions/A/GenerationalStorage
0x0000000004ed9000 	/System/Library/Frameworks/OpenGL.framework/Versions/A/OpenGL
0x0000000004ed9000 	/System/Library/Frameworks/CoreServices.framework/Versions/A/Frameworks/CFNetwork.framework/Versions/A/CFNetwork
0x0000000004ed9000 	/System/Library/Frameworks/SystemConfiguration.framework/Versions/A/SystemConfiguration
0x0000000004ed9000 	/usr/lib/libCRFSuite.dylib
0x0000000004ed9000 	/usr/lib/libc++.1.dylib
0x0000000004ed9000 	/usr/lib/libstdc++.6.dylib
0x0000000004ed9000 	/usr/lib/libc++abi.dylib
0x0000000004ed9000 	/usr/lib/system/libcache.dylib
0x0000000004ed9000 	/usr/lib/system/libcommonCrypto.dylib
0x0000000004ed9000 	/usr/lib/system/libcompiler_rt.dylib
0x0000000004ed9000 	/usr/lib/system/libcopyfile.dylib
0x0000000004ed9000 	/usr/lib/system/libdispatch.dylib
0x0000000004ed9000 	/usr/lib/system/libdnsinfo.dylib
0x0000000004ed9000 	/usr/lib/system/libdyld.dylib
0x0000000004ed9000 	/usr/lib/system/libkeymgr.dylib
0x0000000004ed9000 	/usr/lib/system/liblaunch.dylib
0x0000000004ed9000 	/usr/lib/system/libmacho.dylib
0x0000000004ed9000 	/usr/lib/system/libmathCommon.A.dylib
0x0000000004ed9000 	/usr/lib/system/libquarantine.dylib
0x0000000004ed9000 	/usr/lib/system/libremovefile.dylib
0x0000000004ed9000 	/usr/lib/system/libsystem_blocks.dylib
0x0000000004ed9000 	/usr/lib/system/libsystem_c.dylib
0x0000000004ed9000 	/usr/lib/system/libsystem_dnssd.dylib
0x0000000004ed9000 	/usr/lib/system/libsystem_info.dylib
0x0000000004ed9000 	/usr/lib/system/libsystem_kernel.dylib
0x0000000004ed9000 	/usr/lib/system/libsystem_network.dylib
0x0000000004ed9000 	/usr/lib/system/libsystem_notify.dylib
0x0000000004ed9000 	/usr/lib/system/libsystem_sandbox.dylib
0x0000000004ed9000 	/usr/lib/system/libunc.dylib
0x0000000004ed9000 	/usr/lib/system/libunwind.dylib
0x0000000004ed9000 	/usr/lib/system/libxpc.dylib
0x0000000004ed9000 	/usr/lib/libbsm.0.dylib
0x0000000004ed9000 	/usr/lib/libsqlite3.dylib
0x0000000004ed9000 	/usr/lib/libpam.2.dylib
0x0000000004ed9000 	/usr/lib/libxar-nossl.dylib
0x0000000004ed9000 	/usr/lib/libbz2.1.0.dylib
0x0000000004ed9000 	/System/Library/Frameworks/CoreServices.framework/Versions/A/Frameworks/CarbonCore.framework/Versions/A/CarbonCore
0x0000000004ed9000 	/System/Library/Frameworks/CoreServices.framework/Versions/A/Frameworks/Metadata.framework/Versions/A/Metadata
0x0000000004ed9000 	/System/Library/Frameworks/CoreServices.framework/Versions/A/Frameworks/OSServices.framework/Versions/A/OSServices
0x0000000004ed9000 	/System/Library/Frameworks/CoreServices.framework/Versions/A/Frameworks/SearchKit.framework/Versions/A/SearchKit
0x0000000004ed9000 	/System/Library/Frameworks/CoreServices.framework/Versions/A/Frameworks/AE.framework/Versions/A/AE
0x0000000004ed9000 	/System/Library/Frameworks/CoreServices.framework/Versions/A/Frameworks/LaunchServices.framework/Versions/A/LaunchServices
0x0000000004ed9000 	/System/Library/Frameworks/CoreServices.framework/Versions/A/Frameworks/DictionaryServices.framework/Versions/A/DictionaryServices
0x0000000004ed9000 	/System/Library/Frameworks/NetFS.framework/Versions/A/NetFS
0x0000000004ed9000 	/usr/lib/system/libkxld.dylib
0x0000000004ed9000 	/System/Library/PrivateFrameworks/NetAuth.framework/Versions/A/NetAuth
0x0000000004ed9000 	/usr/lib/libcrypto.0.9.8.dylib
0x0000000004ed9000 	/System/Library/PrivateFrameworks/TrustEvaluationAgent.framework/Versions/A/TrustEvaluationAgent
0x0000000004ed9000 	/System/Library/Frameworks/OpenDirectory.framework/Versions/A/Frameworks/CFOpenDirectory.framework/Versions/A/CFOpenDirectory
0x0000000004ed9000 	/usr/lib/libxslt.1.dylib
0x0000000004ed9000 	/System/Library/PrivateFrameworks/FamilyControls.framework/Versions/A/FamilyControls
0x0000000004ed9000 	/System/Library/Frameworks/Carbon.framework/Versions/A/Frameworks/Ink.framework/Versions/A/Ink
0x0000000004ed9000 	/System/Library/Frameworks/ApplicationServices.framework/Versions/A/Frameworks/CoreGraphics.framework/Versions/A/CoreGraphics
0x0000000004ed9000 	/System/Library/Frameworks/ApplicationServices.framework/Versions/A/Frameworks/ImageIO.framework/Versions/A/ImageIO
0x0000000004ed9000 	/System/Library/Frameworks/ApplicationServices.framework/Versions/A/Frameworks/CoreText.framework/Versions/A/CoreText
0x0000000004ed9000 	/System/Library/Frameworks/ApplicationServices.framework/Versions/A/Frameworks/ATS.framework/Versions/A/ATS
0x0000000004ed9000 	/System/Library/Frameworks/ApplicationServices.framework/Versions/A/Frameworks/ColorSync.framework/Versions/A/ColorSync
0x0000000004ed9000 	/System/Library/Frameworks/ApplicationServices.framework/Versions/A/Frameworks/HIServices.framework/Versions/A/HIServices
0x0000000004ed9000 	/System/Library/Frameworks/ApplicationServices.framework/Versions/A/Frameworks/LangAnalysis.framework/Versions/A/LangAnalysis
0x0000000004ed9000 	/System/Library/Frameworks/ApplicationServices.framework/Versions/A/Frameworks/PrintCore.framework/Versions/A/PrintCore
0x0000000004ed9000 	/System/Library/Frameworks/ApplicationServices.framework/Versions/A/Frameworks/QD.framework/Versions/A/QD
0x0000000004ed9000 	/System/Library/Frameworks/ApplicationServices.framework/Versions/A/Frameworks/SpeechSynthesis.framework/Versions/A/SpeechSynthesis
0x0000000004ed9000 	/System/Library/Frameworks/IOSurface.framework/Versions/A/IOSurface
0x0000000004ed9000 	/System/Library/Frameworks/Accelerate.framework/Versions/A/Accelerate
0x0000000004ed9000 	/System/Library/Frameworks/ApplicationServices.framework/Versions/A/Frameworks/ImageIO.framework/Versions/A/Resources/libJPEG.dylib
0x0000000004ed9000 	/System/Library/Frameworks/ApplicationServices.framework/Versions/A/Frameworks/ImageIO.framework/Versions/A/Resources/libTIFF.dylib
0x0000000004ed9000 	/System/Library/Frameworks/ApplicationServices.framework/Versions/A/Frameworks/ImageIO.framework/Versions/A/Resources/libPng.dylib
0x0000000004ed9000 	/System/Library/Frameworks/ApplicationServices.framework/Versions/A/Frameworks/ImageIO.framework/Versions/A/Resources/libGIF.dylib
0x0000000004ed9000 	/System/Library/Frameworks/ApplicationServices.framework/Versions/A/Frameworks/ImageIO.framework/Versions/A/Resources/libJP2.dylib
0x0000000004ed9000 	/System/Library/Frameworks/ApplicationServices.framework/Versions/A/Frameworks/ImageIO.framework/Versions/A/Resources/libRadiance.dylib
0x0000000004ed9000 	/System/Library/Frameworks/Accelerate.framework/Versions/A/Frameworks/vImage.framework/Versions/A/vImage
0x0000000004ed9000 	/System/Library/Frameworks/Accelerate.framework/Versions/A/Frameworks/vecLib.framework/Versions/A/vecLib
0x0000000004ed9000 	/System/Library/Frameworks/Accelerate.framework/Versions/A/Frameworks/vecLib.framework/Versions/A/libvDSP.dylib
0x0000000004ed9000 	/System/Library/Frameworks/Accelerate.framework/Versions/A/Frameworks/vecLib.framework/Versions/A/libvMisc.dylib
0x0000000004ed9000 	/System/Library/Frameworks/Accelerate.framework/Versions/A/Frameworks/vecLib.framework/Versions/A/libLAPACK.dylib
0x0000000004ed9000 	/System/Library/Frameworks/Accelerate.framework/Versions/A/Frameworks/vecLib.framework/Versions/A/libBLAS.dylib
0x0000000004ed9000 	/System/Library/Frameworks/ApplicationServices.framework/Versions/A/Frameworks/ATS.framework/Versions/A/Resources/libFontParser.dylib
0x0000000004ed9000 	/System/Library/Frameworks/ApplicationServices.framework/Versions/A/Frameworks/ATS.framework/Versions/A/Resources/libFontRegistry.dylib
0x0000000004ed9000 	/usr/lib/libcups.2.dylib
0x0000000004ed9000 	/System/Library/Frameworks/Kerberos.framework/Versions/A/Kerberos
0x0000000004ed9000 	/System/Library/Frameworks/GSS.framework/Versions/A/GSS
0x0000000004ed9000 	/usr/lib/libresolv.9.dylib
0x0000000004ed9000 	/usr/lib/libiconv.2.dylib
0x0000000004ed9000 	/System/Library/PrivateFrameworks/Heimdal.framework/Versions/A/Heimdal
0x0000000004ed9000 	/System/Library/Frameworks/OpenDirectory.framework/Versions/A/OpenDirectory
0x0000000004ed9000 	/System/Library/PrivateFrameworks/CommonAuth.framework/Versions/A/CommonAuth
0x0000000004ed9000 	/System/Library/Frameworks/CoreVideo.framework/Versions/A/CoreVideo
0x0000000004ed9000 	/System/Library/Frameworks/QuartzCore.framework/Versions/A/Frameworks/CoreImage.framework/Versions/A/CoreImage
0x0000000004ed9000 	/System/Library/Frameworks/QuartzCore.framework/Versions/A/Frameworks/ScalableUserInterface.framework/Versions/A/ScalableUserInterface
0x0000000004ed9000 	/System/Library/Frameworks/OpenGL.framework/Versions/A/Libraries/libGLU.dylib
0x0000000004ed9000 	/System/Library/Frameworks/OpenGL.framework/Versions/A/Libraries/libGFXShared.dylib
0x0000000004ed9000 	/System/Library/Frameworks/OpenGL.framework/Versions/A/Libraries/libGL.dylib
0x0000000004ed9000 	/System/Library/Frameworks/OpenGL.framework/Versions/A/Libraries/libGLImage.dylib
0x0000000004ed9000 	/System/Library/Frameworks/OpenGL.framework/Versions/A/Libraries/libCVMSPluginSupport.dylib
0x0000000004ed9000 	/System/Library/Frameworks/OpenGL.framework/Versions/A/Libraries/libCoreVMClient.dylib
0x0000000004ed9000 	/System/Library/Frameworks/OpenCL.framework/Versions/A/OpenCL
0x0000000004ed9000 	/System/Library/PrivateFrameworks/FaceCoreLight.framework/Versions/A/FaceCoreLight
0x0000000004ed9000 	/System/Library/Frameworks/vecLib.framework/Versions/A/vecLib
0x0000000004ed9000 	/System/Library/Frameworks/SecurityFoundation.framework/Versions/A/SecurityFoundation
0x0000000004ed9000 	/System/Library/PrivateFrameworks/CommerceKit.framework/Versions/A/Frameworks/CommerceCore.framework/Versions/A/CommerceCore
0x0000000004ed9000 	/System/Library/PrivateFrameworks/CoreSymbolication.framework/Versions/A/CoreSymbolication
0x0000000004ed9000 	/System/Library/PrivateFrameworks/Symbolication.framework/Versions/A/Symbolication
0x0000000004ed9000 	/System/Library/PrivateFrameworks/DebugSymbols.framework/Versions/A/DebugSymbols
0x0000000103800000 	/Library/Java/JavaVirtualMachines/1.7.0.jdk/Contents/Home/jre/lib/server/libjvm.dylib
0x00000001036a3000 	/Library/Java/JavaVirtualMachines/1.7.0.jdk/Contents/Home/jre/lib/libverify.dylib
0x00000001036b0000 	/Library/Java/JavaVirtualMachines/1.7.0.jdk/Contents/Home/jre/lib/libjava.dylib
0x00000001043a3000 	/Library/Java/JavaVirtualMachines/1.7.0.jdk/Contents/Home/jre/lib/libjdwp.dylib
0x00000001036e1000 	/Library/Java/JavaVirtualMachines/1.7.0.jdk/Contents/Home/jre/lib/./libnpt.dylib
0x00000001036ee000 	/Library/Java/JavaVirtualMachines/1.7.0.jdk/Contents/Home/jre/lib/libzip.dylib
0x000000010d07b000 	/System/Library/Frameworks/JavaVM.framework/Frameworks/JavaRuntimeSupport.framework/JavaRuntimeSupport
0x000000010d093000 	/System/Library/Frameworks/JavaVM.framework/Versions/A/Frameworks/JavaNativeFoundation.framework/Versions/A/JavaNativeFoundation
0x000000010d0a8000 	/System/Library/Frameworks/JavaVM.framework/Versions/A/JavaVM
0x0000000004ed9000 	/System/Library/Frameworks/Carbon.framework/Versions/A/Carbon
0x000000010d0b5000 	/System/Library/PrivateFrameworks/JavaLaunching.framework/Versions/A/JavaLaunching
0x0000000004ed9000 	/System/Library/Frameworks/Carbon.framework/Versions/A/Frameworks/CommonPanels.framework/Versions/A/CommonPanels
0x0000000004ed9000 	/System/Library/Frameworks/Carbon.framework/Versions/A/Frameworks/Help.framework/Versions/A/Help
0x0000000004ed9000 	/System/Library/Frameworks/Carbon.framework/Versions/A/Frameworks/ImageCapture.framework/Versions/A/ImageCapture
0x0000000004ed9000 	/System/Library/Frameworks/Carbon.framework/Versions/A/Frameworks/OpenScripting.framework/Versions/A/OpenScripting
0x0000000004ed9000 	/System/Library/Frameworks/Carbon.framework/Versions/A/Frameworks/Print.framework/Versions/A/Print
0x0000000004ed9000 	/System/Library/Frameworks/Carbon.framework/Versions/A/Frameworks/SecurityHI.framework/Versions/A/SecurityHI
0x00000001036fa000 	/Library/Java/JavaVirtualMachines/1.7.0.jdk/Contents/Home/jre/lib/libdt_socket.dylib
0x000000010db39000 	/Library/Java/JavaVirtualMachines/1.7.0.jdk/Contents/Home/jre/lib/libnet.dylib
0x000000010de5e000 	/Library/Java/JavaVirtualMachines/1.7.0.jdk/Contents/Home/jre/lib/libnio.dylib

VM Arguments:
jvm_args: -agentlib:jdwp=transport=dt_socket,suspend=y,address=localhost:60607 -Dfile.encoding=UTF-8 
java_command: org.eclipse.jdt.internal.junit.runner.RemoteTestRunner -version 3 -port 60606 -testLoaderClass org.eclipse.jdt.internal.junit4.runner.JUnit4TestLoader -loaderpluginname org.eclipse.jdt.junit4.runtime -classNames noxacml.NoXacmlTest
Launcher Type: SUN_STANDARD

Environment Variables:
PATH=/usr/bin:/bin:/usr/sbin:/sbin:/usr/local/bin:/usr/X11/bin:/opt/local/bin:/usr/local/git/bin:/usr/local/xuggler
SHELL=/bin/bash
DISPLAY=/tmp/launch-VeHHrA/org.x:0

Signal Handlers:
SIGSEGV: [libjvm.dylib+0x4a177d], sa_mask[0]=0xfffefeff, sa_flags=0x00000042
SIGBUS: [libjvm.dylib+0x4a177d], sa_mask[0]=0xfffefeff, sa_flags=0x00000042
SIGFPE: [libjvm.dylib+0x3b1541], sa_mask[0]=0xfffefeff, sa_flags=0x00000042
SIGPIPE: [libjvm.dylib+0x3b1541], sa_mask[0]=0xfffefeff, sa_flags=0x00000042
SIGXFSZ: [libjvm.dylib+0x3b1541], sa_mask[0]=0xfffefeff, sa_flags=0x00000042
SIGILL: [libjvm.dylib+0x3b1541], sa_mask[0]=0xfffefeff, sa_flags=0x00000042
SIGUSR1: SIG_DFL, sa_mask[0]=0x00000000, sa_flags=0x00000002
SIGUSR2: [libjvm.dylib+0x3b10ce], sa_mask[0]=0x00000004, sa_flags=0x00000042
SIGHUP: [libjvm.dylib+0x3af2f3], sa_mask[0]=0xfffefeff, sa_flags=0x00000042
SIGINT: [libjvm.dylib+0x3af2f3], sa_mask[0]=0xfffefeff, sa_flags=0x00000042
SIGTERM: [libjvm.dylib+0x3af2f3], sa_mask[0]=0xfffefeff, sa_flags=0x00000042
SIGQUIT: [libjvm.dylib+0x3af2f3], sa_mask[0]=0xfffefeff, sa_flags=0x00000042


---------------  S Y S T E M  ---------------

OS:Bsd
uname:Darwin 11.4.0 Darwin Kernel Version 11.4.0: Mon Apr  9 19:32:15 PDT 2012; root:xnu-1699.26.8~1/RELEASE_X86_64 x86_64
rlimit: STACK 8192k, CORE 0k, NPROC 709, NOFILE 10240
CPU:total 8 (4 cores per cpu, 2 threads per core) family 6 model 42 stepping 7, cmov, cx8, fxsr, mmx, sse, sse2, sse3, ssse3, sse4.1, sse4.2, popcnt, avx, ht, tsc, tscinvbit

Memory: 4k page, physical 4503488k(1125872k free)

/proc/meminfo:


vm_info: Java HotSpot(TM) 64-Bit Server VM (23.0-b21) for bsd-amd64 JRE (1.7.0_04-b21), built on Apr 19 2012 22:33:17 by "java_re" with gcc 4.2.1 (Based on Apple Inc. build 5658) (LLVM build 2336.1.00)

time: Mon Jun 25 13:12:56 2012
elapsed time: 221 seconds

